# JRE version: OpenJDK Runtime Environment Temurin-21.0.5+11 (21.0.5+11) (build 21.0.5+11-LTS)
# Java VM: OpenJDK 64-Bit Server VM Temurin-21.0.5+11 (21.0.5+11-LTS, mixed mode, sharing, tiered, compressed oops, compressed class ptrs, parallel gc, linux-amd64)
GC Precious Log:
 CardTable entry size: 512
 CPUs: 4 total, 4 available
 Memory: 7822M
 Large Page Support: Disabled
 NUMA Support: Disabled
 Compressed Oops: Enabled (32-bit)
 Alignments: Space 512K, Generation 512K, Heap 2M
 Heap Min Capacity: 100M
 Heap Initial Capacity: 100M
 Heap Max Capacity: 1G
 Pre-touch: Disabled
 Parallel Workers: 4
Heap:
 PSYoungGen      total 6144K, used 3136K [0x00000000eab00000, 0x00000000eb780000, 0x0000000100000000)
  eden space 5632K, 47% used [0x00000000eab00000,0x00000000eada0018,0x00000000eb080000)
  from space 512K, 87% used [0x00000000eb200000,0x00000000eb270000,0x00000000eb280000)
  to   space 2048K, 0% used [0x00000000eb580000,0x00000000eb580000,0x00000000eb780000)
 ParOldGen       total 404992K, used 404592K [0x00000000c0000000, 0x00000000d8b80000, 0x00000000eab00000)
  object space 404992K, 99% used [0x00000000c0000000,0x00000000d8b1c210,0x00000000d8b80000)
 Metaspace       used 60672K, committed 62016K, reserved 1114112K
  class space    used 6314K, committed 6848K, reserved 1048576K
GC Heap History (20 events):
Event: 40.559 GC heap before
{Heap before GC invocations=227 (full 3):
 PSYoungGen      total 6144K, used 6138K [0x00000000eab00000, 0x00000000eba80000, 0x0000000100000000)
  eden space 3584K, 99% used [0x00000000eab00000,0x00000000eae7e960,0x00000000eae80000)
  from space 2560K, 100% used [0x00000000eaf80000,0x00000000eb200000,0x00000000eb200000)
  to   space 6144K, 0% used [0x00000000eb480000,0x00000000eb480000,0x00000000eba80000)
 ParOldGen       total 385536K, used 385296K [0x00000000c0000000, 0x00000000d7880000, 0x00000000eab00000)
  object space 385536K, 99% used [0x00000000c0000000,0x00000000d78441c8,0x00000000d7880000)
 Metaspace       used 60189K, committed 61440K, reserved 1114112K
  class space    used 6273K, committed 6784K, reserved 1048576K
}
Event: 40.588 GC heap after
{Heap after GC invocations=227 (full 3):
 PSYoungGen      total 4608K, used 547K [0x00000000eab00000, 0x00000000eb580000, 0x0000000100000000)
  eden space 3584K, 0% used [0x00000000eab00000,0x00000000eab00000,0x00000000eae80000)
  from space 1024K, 53% used [0x00000000eb480000,0x00000000eb508de0,0x00000000eb580000)
  to   space 2560K, 0% used [0x00000000eb080000,0x00000000eb080000,0x00000000eb300000)
 ParOldGen       total 388096K, used 387840K [0x00000000c0000000, 0x00000000d7b00000, 0x00000000eab00000)
  object space 388096K, 99% used [0x00000000c0000000,0x00000000d7ac01c8,0x00000000d7b00000)
 Metaspace       used 60189K, committed 61440K, reserved 1114112K
  class space    used 6273K, committed 6784K, reserved 1048576K
}
Event: 40.656 GC heap before
{Heap before GC invocations=228 (full 3):
 PSYoungGen      total 4608K, used 4131K [0x00000000eab00000, 0x00000000eb580000, 0x0000000100000000)
  eden space 3584K, 100% used [0x00000000eab00000,0x00000000eae80000,0x00000000eae80000)
  from space 1024K, 53% used [0x00000000eb480000,0x00000000eb508de0,0x00000000eb580000)
  to   space 2560K, 0% used [0x00000000eb080000,0x00000000eb080000,0x00000000eb300000)
 ParOldGen       total 388096K, used 387840K [0x00000000c0000000, 0x00000000d7b00000, 0x00000000eab00000)
  object space 388096K, 99% used [0x00000000c0000000,0x00000000d7ac01c8,0x00000000d7b00000)
 Metaspace       used 60199K, committed 61440K, reserved 1114112K
  class space    used 6274K, committed 6784K, reserved 1048576K
}
Event: 40.661 GC heap after
{Heap after GC invocations=228 (full 3):
 PSYoungGen      total 6144K, used 1302K [0x00000000eab00000, 0x00000000eb500000, 0x0000000100000000)
  eden space 3584K, 0% used [0x00000000eab00000,0x00000000eab00000,0x00000000eae80000)
  from space 2560K, 50% used [0x00000000eb080000,0x00000000eb1c5840,0x00000000eb300000)
  to   space 1536K, 0% used [0x00000000eb380000,0x00000000eb380000,0x00000000eb500000)
 ParOldGen       total 388608K, used 388396K [0x00000000c0000000, 0x00000000d7b80000, 0x00000000eab00000)
  object space 388608K, 99% used [0x00000000c0000000,0x00000000d7b4b0c8,0x00000000d7b80000)
 Metaspace       used 60199K, committed 61440K, reserved 1114112K
  class space    used 6274K, committed 6784K, reserved 1048576K
}
Event: 40.682 GC heap before
{Heap before GC invocations=229 (full 3):
 PSYoungGen      total 6144K, used 4886K [0x00000000eab00000, 0x00000000eb500000, 0x0000000100000000)
  eden space 3584K, 100% used [0x00000000eab00000,0x00000000eae80000,0x00000000eae80000)
  from space 2560K, 50% used [0x00000000eb080000,0x00000000eb1c5840,0x00000000eb300000)
  to   space 1536K, 0% used [0x00000000eb380000,0x00000000eb380000,0x00000000eb500000)
 ParOldGen       total 388608K, used 388396K [0x00000000c0000000, 0x00000000d7b80000, 0x00000000eab00000)
  object space 388608K, 99% used [0x00000000c0000000,0x00000000d7b4b0c8,0x00000000d7b80000)
 Metaspace       used 60199K, committed 61440K, reserved 1114112K
  class space    used 6274K, committed 6784K, reserved 1048576K
}
Event: 40.690 GC heap after
{Heap after GC invocations=229 (full 3):
 PSYoungGen      total 5120K, used 1248K [0x00000000eab00000, 0x00000000eb500000, 0x0000000100000000)
  eden space 3584K, 0% used [0x00000000eab00000,0x00000000eab00000,0x00000000eae80000)
  from space 1536K, 81% used [0x00000000eb380000,0x00000000eb4b8000,0x00000000eb500000)
  to   space 1536K, 0% used [0x00000000eb200000,0x00000000eb200000,0x00000000eb380000)
 ParOldGen       total 389632K, used 389630K [0x00000000c0000000, 0x00000000d7c80000, 0x00000000eab00000)
  object space 389632K, 99% used [0x00000000c0000000,0x00000000d7c7f918,0x00000000d7c80000)
 Metaspace       used 60199K, committed 61440K, reserved 1114112K
  class space    used 6274K, committed 6784K, reserved 1048576K
}
Event: 40.722 GC heap before
{Heap before GC invocations=230 (full 3):
 PSYoungGen      total 5120K, used 4832K [0x00000000eab00000, 0x00000000eb500000, 0x0000000100000000)
  eden space 3584K, 100% used [0x00000000eab00000,0x00000000eae80000,0x00000000eae80000)
  from space 1536K, 81% used [0x00000000eb380000,0x00000000eb4b8000,0x00000000eb500000)
  to   space 1536K, 0% used [0x00000000eb200000,0x00000000eb200000,0x00000000eb380000)
 ParOldGen       total 389632K, used 389630K [0x00000000c0000000, 0x00000000d7c80000, 0x00000000eab00000)
  object space 389632K, 99% used [0x00000000c0000000,0x00000000d7c7f918,0x00000000d7c80000)
 Metaspace       used 60203K, committed 61440K, reserved 1114112K
  class space    used 6275K, committed 6784K, reserved 1048576K
}
Event: 40.735 GC heap after
{Heap after GC invocations=230 (full 3):
 PSYoungGen      total 5120K, used 1533K [0x00000000eab00000, 0x00000000eb680000, 0x0000000100000000)
  eden space 3584K, 0% used [0x00000000eab00000,0x00000000eab00000,0x00000000eae80000)
  from space 1536K, 99% used [0x00000000eb200000,0x00000000eb37f750,0x00000000eb380000)
  to   space 3072K, 0% used [0x00000000eb380000,0x00000000eb380000,0x00000000eb680000)
 ParOldGen       total 391680K, used 391513K [0x00000000c0000000, 0x00000000d7e80000, 0x00000000eab00000)
  object space 391680K, 99% used [0x00000000c0000000,0x00000000d7e56500,0x00000000d7e80000)
 Metaspace       used 60203K, committed 61440K, reserved 1114112K
  class space    used 6275K, committed 6784K, reserved 1048576K
}
Event: 40.765 GC heap before
{Heap before GC invocations=231 (full 3):
 PSYoungGen      total 5120K, used 5117K [0x00000000eab00000, 0x00000000eb680000, 0x0000000100000000)
  eden space 3584K, 100% used [0x00000000eab00000,0x00000000eae80000,0x00000000eae80000)
  from space 1536K, 99% used [0x00000000eb200000,0x00000000eb37f750,0x00000000eb380000)
  to   space 3072K, 0% used [0x00000000eb380000,0x00000000eb380000,0x00000000eb680000)
 ParOldGen       total 391680K, used 391513K [0x00000000c0000000, 0x00000000d7e80000, 0x00000000eab00000)
  object space 391680K, 99% used [0x00000000c0000000,0x00000000d7e56500,0x00000000d7e80000)
 Metaspace       used 60203K, committed 61440K, reserved 1114112K
  class space    used 6275K, committed 6784K, reserved 1048576K
}
Event: 40.772 GC heap after
{Heap after GC invocations=231 (full 3):
 PSYoungGen      total 6144K, used 3072K [0x00000000eab00000, 0x00000000eb980000, 0x0000000100000000)
  eden space 3072K, 0% used [0x00000000eab00000,0x00000000eab00000,0x00000000eae00000)
  from space 3072K, 100% used [0x00000000eb380000,0x00000000eb680000,0x00000000eb680000)
  to   space 5632K, 0% used [0x00000000eae00000,0x00000000eae00000,0x00000000eb380000)
 ParOldGen       total 393728K, used 393551K [0x00000000c0000000, 0x00000000d8080000, 0x00000000eab00000)
  object space 393728K, 99% used [0x00000000c0000000,0x00000000d8053c50,0x00000000d8080000)
 Metaspace       used 60203K, committed 61440K, reserved 1114112K
  class space    used 6275K, committed 6784K, reserved 1048576K
}
Event: 40.787 GC heap before
{Heap before GC invocations=232 (full 3):
 PSYoungGen      total 6144K, used 6144K [0x00000000eab00000, 0x00000000eb980000, 0x0000000100000000)
  eden space 3072K, 100% used [0x00000000eab00000,0x00000000eae00000,0x00000000eae00000)
  from space 3072K, 100% used [0x00000000eb380000,0x00000000eb680000,0x00000000eb680000)
  to   space 5632K, 0% used [0x00000000eae00000,0x00000000eae00000,0x00000000eb380000)
 ParOldGen       total 393728K, used 393551K [0x00000000c0000000, 0x00000000d8080000, 0x00000000eab00000)
  object space 393728K, 99% used [0x00000000c0000000,0x00000000d8053c50,0x00000000d8080000)
 Metaspace       used 60211K, committed 61504K, reserved 1114112K
  class space    used 6275K, committed 6784K, reserved 1048576K
}
Event: 40.797 GC heap after
{Heap after GC invocations=232 (full 3):
 PSYoungGen      total 6656K, used 3144K [0x00000000eab00000, 0x00000000eb700000, 0x0000000100000000)
  eden space 3072K, 0% used [0x00000000eab00000,0x00000000eab00000,0x00000000eae00000)
  from space 3584K, 87% used [0x00000000eae00000,0x00000000eb112120,0x00000000eb180000)
  to   space 4096K, 0% used [0x00000000eb300000,0x00000000eb300000,0x00000000eb700000)
 ParOldGen       total 396800K, used 396671K [0x00000000c0000000, 0x00000000d8380000, 0x00000000eab00000)
  object space 396800K, 99% used [0x00000000c0000000,0x00000000d835fc50,0x00000000d8380000)
 Metaspace       used 60211K, committed 61504K, reserved 1114112K
  class space    used 6275K, committed 6784K, reserved 1048576K
}
Event: 40.820 GC heap before
{Heap before GC invocations=233 (full 3):
 PSYoungGen      total 6656K, used 6216K [0x00000000eab00000, 0x00000000eb700000, 0x0000000100000000)
  eden space 3072K, 100% used [0x00000000eab00000,0x00000000eae00000,0x00000000eae00000)
  from space 3584K, 87% used [0x00000000eae00000,0x00000000eb112120,0x00000000eb180000)
  to   space 4096K, 0% used [0x00000000eb300000,0x00000000eb300000,0x00000000eb700000)
 ParOldGen       total 396800K, used 396671K [0x00000000c0000000, 0x00000000d8380000, 0x00000000eab00000)
  object space 396800K, 99% used [0x00000000c0000000,0x00000000d835fc50,0x00000000d8380000)
 Metaspace       used 60229K, committed 61504K, reserved 1114112K
  class space    used 6275K, committed 6784K, reserved 1048576K
}
Event: 40.825 GC heap after
{Heap after GC invocations=233 (full 3):
 PSYoungGen      total 6656K, used 2441K [0x00000000eab00000, 0x00000000eb580000, 0x0000000100000000)
  eden space 4096K, 0% used [0x00000000eab00000,0x00000000eab00000,0x00000000eaf00000)
  from space 2560K, 95% used [0x00000000eb300000,0x00000000eb562438,0x00000000eb580000)
  to   space 3072K, 0% used [0x00000000eaf80000,0x00000000eaf80000,0x00000000eb280000)
 ParOldGen       total 398336K, used 398020K [0x00000000c0000000, 0x00000000d8500000, 0x00000000eab00000)
  object space 398336K, 99% used [0x00000000c0000000,0x00000000d84b1178,0x00000000d8500000)
 Metaspace       used 60229K, committed 61504K, reserved 1114112K
  class space    used 6275K, committed 6784K, reserved 1048576K
}
Event: 40.839 GC heap before
{Heap before GC invocations=234 (full 3):
 PSYoungGen      total 6656K, used 6283K [0x00000000eab00000, 0x00000000eb580000, 0x0000000100000000)
  eden space 4096K, 93% used [0x00000000eab00000,0x00000000eaec0a68,0x00000000eaf00000)
  from space 2560K, 95% used [0x00000000eb300000,0x00000000eb562438,0x00000000eb580000)
  to   space 3072K, 0% used [0x00000000eaf80000,0x00000000eaf80000,0x00000000eb280000)
 ParOldGen       total 398336K, used 398020K [0x00000000c0000000, 0x00000000d8500000, 0x00000000eab00000)
  object space 398336K, 99% used [0x00000000c0000000,0x00000000d84b1178,0x00000000d8500000)
 Metaspace       used 60229K, committed 61504K, reserved 1114112K
  class space    used 6275K, committed 6784K, reserved 1048576K
}
Event: 40.852 GC heap after
{Heap after GC invocations=234 (full 3):
 PSYoungGen      total 7680K, used 3067K [0x00000000eab00000, 0x00000000ebe00000, 0x0000000100000000)
  eden space 4608K, 0% used [0x00000000eab00000,0x00000000eab00000,0x00000000eaf80000)
  from space 3072K, 99% used [0x00000000eaf80000,0x00000000eb27ed70,0x00000000eb280000)
  to   space 7168K, 0% used [0x00000000eb700000,0x00000000eb700000,0x00000000ebe00000)
 ParOldGen       total 401408K, used 400985K [0x00000000c0000000, 0x00000000d8800000, 0x00000000eab00000)
  object space 401408K, 99% used [0x00000000c0000000,0x00000000d8796508,0x00000000d8800000)
 Metaspace       used 60229K, committed 61504K, reserved 1114112K
  class space    used 6275K, committed 6784K, reserved 1048576K
}
Event: 40.954 GC heap before
{Heap before GC invocations=235 (full 3):
 PSYoungGen      total 7680K, used 7675K [0x00000000eab00000, 0x00000000ebe00000, 0x0000000100000000)
  eden space 4608K, 100% used [0x00000000eab00000,0x00000000eaf80000,0x00000000eaf80000)
  from space 3072K, 99% used [0x00000000eaf80000,0x00000000eb27ed70,0x00000000eb280000)
  to   space 7168K, 0% used [0x00000000eb700000,0x00000000eb700000,0x00000000ebe00000)
 ParOldGen       total 401408K, used 400985K [0x00000000c0000000, 0x00000000d8800000, 0x00000000eab00000)
  object space 401408K, 99% used [0x00000000c0000000,0x00000000d8796508,0x00000000d8800000)
 Metaspace       used 60235K, committed 61568K, reserved 1114112K
  class space    used 6276K, committed 6848K, reserved 1048576K
}
Event: 40.968 GC heap after
{Heap after GC invocations=235 (full 3):
 PSYoungGen      total 8704K, used 2985K [0x00000000eab00000, 0x00000000eba00000, 0x0000000100000000)
  eden space 5632K, 0% used [0x00000000eab00000,0x00000000eab00000,0x00000000eb080000)
  from space 3072K, 97% used [0x00000000eb700000,0x00000000eb9ea5c0,0x00000000eba00000)
  to   space 4096K, 0% used [0x00000000eb200000,0x00000000eb200000,0x00000000eb600000)
 ParOldGen       total 403456K, used 403296K [0x00000000c0000000, 0x00000000d8a00000, 0x00000000eab00000)
  object space 403456K, 99% used [0x00000000c0000000,0x00000000d89d8060,0x00000000d8a00000)
 Metaspace       used 60235K, committed 61568K, reserved 1114112K
  class space    used 6276K, committed 6848K, reserved 1048576K
}
Event: 5039.283 GC heap before
{Heap before GC invocations=236 (full 3):
 PSYoungGen      total 8704K, used 8544K [0x00000000eab00000, 0x00000000eba00000, 0x0000000100000000)
  eden space 5632K, 98% used [0x00000000eab00000,0x00000000eb06da60,0x00000000eb080000)
  from space 3072K, 97% used [0x00000000eb700000,0x00000000eb9ea5c0,0x00000000eba00000)
  to   space 4096K, 0% used [0x00000000eb200000,0x00000000eb200000,0x00000000eb600000)
 ParOldGen       total 403456K, used 403296K [0x00000000c0000000, 0x00000000d8a00000, 0x00000000eab00000)
  object space 403456K, 99% used [0x00000000c0000000,0x00000000d89d8060,0x00000000d8a00000)
 Metaspace       used 60630K, committed 61952K, reserved 1114112K
  class space    used 6312K, committed 6848K, reserved 1048576K
}
Event: 5039.423 GC heap after
{Heap after GC invocations=236 (full 3):
 PSYoungGen      total 6144K, used 448K [0x00000000eab00000, 0x00000000eb780000, 0x0000000100000000)
  eden space 5632K, 0% used [0x00000000eab00000,0x00000000eab00000,0x00000000eb080000)
  from space 512K, 87% used [0x00000000eb200000,0x00000000eb270000,0x00000000eb280000)
  to   space 2048K, 0% used [0x00000000eb580000,0x00000000eb580000,0x00000000eb780000)
 ParOldGen       total 404992K, used 404592K [0x00000000c0000000, 0x00000000d8b80000, 0x00000000eab00000)
  object space 404992K, 99% used [0x00000000c0000000,0x00000000d8b1c210,0x00000000d8b80000)
 Metaspace       used 60630K, committed 61952K, reserved 1114112K
  class space    used 6312K, committed 6848K, reserved 1048576K
}

