# JRE version: Java(TM) SE Runtime Environment (21.0.3+7) (build 21.0.3+7-LTS-152)
# Java VM: Java HotSpot(TM) 64-Bit Server VM (21.0.3+7-LTS-152, mixed mode, emulated-client, sharing, tiered, compressed oops, compressed class ptrs, g1 gc, linux-amd64)
GC Precious Log:
 CardTable entry size: 512
 Card Set container configuration: InlinePtr #cards 5 size 8 Array Of Cards #cards 12 size 40 Howl #buckets 4 coarsen threshold 1843 Howl Bitmap #cards 512 size 80 coarsen threshold 460 Card regions per heap region 1 cards per card region 2048
 CPUs: 4 total, 4 available
 Memory: 7822M
 Large Page Support: Disabled
 NUMA Support: Disabled
 Compressed Oops: Enabled (32-bit)
 Heap Region Size: 1M
 Heap Min Capacity: 8M
 Heap Initial Capacity: 124M
 Heap Max Capacity: 1956M
 Pre-touch: Disabled
 Parallel Workers: 4
 Concurrent Workers: 1
 Concurrent Refinement Workers: 4
 Periodic GC: Disabled
Heap:
 garbage-first heap   total 98304K, used 75217K [0x0000000085c00000, 0x0000000100000000)
  region size 1024K, 47 young (48128K), 6 survivors (6144K)
 Metaspace       used 53256K, committed 54080K, reserved 1114112K
  class space    used 7764K, committed 8128K, reserved 1048576K
GC Heap History (20 events):
Event: 0.809 GC heap before
{Heap before GC invocations=1 (full 0):
 garbage-first heap   total 129024K, used 22703K [0x0000000085c00000, 0x0000000100000000)
  region size 1024K, 14 young (14336K), 2 survivors (2048K)
 Metaspace       used 4270K, committed 4480K, reserved 1114112K
  class space    used 488K, committed 640K, reserved 1048576K
}
Event: 0.819 GC heap after
{Heap after GC invocations=2 (full 0):
 garbage-first heap   total 129024K, used 16946K [0x0000000085c00000, 0x0000000100000000)
  region size 1024K, 2 young (2048K), 2 survivors (2048K)
 Metaspace       used 4270K, committed 4480K, reserved 1114112K
  class space    used 488K, committed 640K, reserved 1048576K
}
Event: 1.081 GC heap before
{Heap before GC invocations=2 (full 0):
 garbage-first heap   total 129024K, used 29234K [0x0000000085c00000, 0x0000000100000000)
  region size 1024K, 14 young (14336K), 2 survivors (2048K)
 Metaspace       used 5839K, committed 6080K, reserved 1114112K
  class space    used 726K, committed 832K, reserved 1048576K
}
Event: 1.085 GC heap after
{Heap after GC invocations=3 (full 0):
 garbage-first heap   total 129024K, used 15601K [0x0000000085c00000, 0x0000000100000000)
  region size 1024K, 1 young (1024K), 1 survivors (1024K)
 Metaspace       used 5839K, committed 6080K, reserved 1114112K
  class space    used 726K, committed 832K, reserved 1048576K
}
Event: 2.086 GC heap before
{Heap before GC invocations=3 (full 0):
 garbage-first heap   total 129024K, used 47345K [0x0000000085c00000, 0x0000000100000000)
  region size 1024K, 33 young (33792K), 1 survivors (1024K)
 Metaspace       used 12655K, committed 13056K, reserved 1114112K
  class space    used 1738K, committed 1920K, reserved 1048576K
}
Event: 2.095 GC heap after
{Heap after GC invocations=4 (full 0):
 garbage-first heap   total 129024K, used 17759K [0x0000000085c00000, 0x0000000100000000)
  region size 1024K, 3 young (3072K), 3 survivors (3072K)
 Metaspace       used 12655K, committed 13056K, reserved 1114112K
  class space    used 1738K, committed 1920K, reserved 1048576K
}
Event: 3.104 GC heap before
{Heap before GC invocations=4 (full 0):
 garbage-first heap   total 129024K, used 66911K [0x0000000085c00000, 0x0000000100000000)
  region size 1024K, 53 young (54272K), 3 survivors (3072K)
 Metaspace       used 21158K, committed 21504K, reserved 1114112K
  class space    used 2871K, committed 3008K, reserved 1048576K
}
Event: 3.119 GC heap after
{Heap after GC invocations=5 (full 0):
 garbage-first heap   total 129024K, used 21624K [0x0000000085c00000, 0x0000000100000000)
  region size 1024K, 7 young (7168K), 7 survivors (7168K)
 Metaspace       used 21158K, committed 21504K, reserved 1114112K
  class space    used 2871K, committed 3008K, reserved 1048576K
}
Event: 4.439 GC heap before
{Heap before GC invocations=6 (full 0):
 garbage-first heap   total 81920K, used 62584K [0x0000000085c00000, 0x0000000100000000)
  region size 1024K, 48 young (49152K), 7 survivors (7168K)
 Metaspace       used 23749K, committed 24128K, reserved 1114112K
  class space    used 3280K, committed 3456K, reserved 1048576K
}
Event: 4.464 GC heap after
{Heap after GC invocations=7 (full 0):
 garbage-first heap   total 81920K, used 23025K [0x0000000085c00000, 0x0000000100000000)
  region size 1024K, 4 young (4096K), 4 survivors (4096K)
 Metaspace       used 23749K, committed 24128K, reserved 1114112K
  class space    used 3280K, committed 3456K, reserved 1048576K
}
Event: 6.447 GC heap before
{Heap before GC invocations=7 (full 0):
 garbage-first heap   total 81920K, used 65009K [0x0000000085c00000, 0x0000000100000000)
  region size 1024K, 45 young (46080K), 4 survivors (4096K)
 Metaspace       used 29254K, committed 29760K, reserved 1114112K
  class space    used 4068K, committed 4288K, reserved 1048576K
}
Event: 6.456 GC heap after
{Heap after GC invocations=8 (full 0):
 garbage-first heap   total 98304K, used 25804K [0x0000000085c00000, 0x0000000100000000)
  region size 1024K, 6 young (6144K), 6 survivors (6144K)
 Metaspace       used 29254K, committed 29760K, reserved 1114112K
  class space    used 4068K, committed 4288K, reserved 1048576K
}
Event: 7.850 GC heap before
{Heap before GC invocations=8 (full 0):
 garbage-first heap   total 98304K, used 73932K [0x0000000085c00000, 0x0000000100000000)
  region size 1024K, 54 young (55296K), 6 survivors (6144K)
 Metaspace       used 35598K, committed 36096K, reserved 1114112K
  class space    used 4970K, committed 5184K, reserved 1048576K
}
Event: 7.890 GC heap after
{Heap after GC invocations=9 (full 0):
 garbage-first heap   total 98304K, used 28630K [0x0000000085c00000, 0x0000000100000000)
  region size 1024K, 6 young (6144K), 6 survivors (6144K)
 Metaspace       used 35598K, committed 36096K, reserved 1114112K
  class space    used 4970K, committed 5184K, reserved 1048576K
}
Event: 9.491 GC heap before
{Heap before GC invocations=10 (full 0):
 garbage-first heap   total 98304K, used 80854K [0x0000000085c00000, 0x0000000100000000)
  region size 1024K, 57 young (58368K), 6 survivors (6144K)
 Metaspace       used 39608K, committed 40256K, reserved 1114112K
  class space    used 5626K, committed 5888K, reserved 1048576K
}
Event: 9.514 GC heap after
{Heap after GC invocations=11 (full 0):
 garbage-first heap   total 98304K, used 31445K [0x0000000085c00000, 0x0000000100000000)
  region size 1024K, 7 young (7168K), 7 survivors (7168K)
 Metaspace       used 39608K, committed 40256K, reserved 1114112K
  class space    used 5626K, committed 5888K, reserved 1048576K
}
Event: 10.807 GC heap before
{Heap before GC invocations=11 (full 0):
 garbage-first heap   total 98304K, used 82645K [0x0000000085c00000, 0x0000000100000000)
  region size 1024K, 57 young (58368K), 7 survivors (7168K)
 Metaspace       used 42125K, committed 42816K, reserved 1114112K
  class space    used 6047K, committed 6336K, reserved 1048576K
}
Event: 10.827 GC heap after
{Heap after GC invocations=12 (full 0):
 garbage-first heap   total 98304K, used 32886K [0x0000000085c00000, 0x0000000100000000)
  region size 1024K, 6 young (6144K), 6 survivors (6144K)
 Metaspace       used 42125K, committed 42816K, reserved 1114112K
  class space    used 6047K, committed 6336K, reserved 1048576K
}
Event: 372.600 GC heap before
{Heap before GC invocations=12 (full 0):
 garbage-first heap   total 98304K, used 85110K [0x0000000085c00000, 0x0000000100000000)
  region size 1024K, 57 young (58368K), 6 survivors (6144K)
 Metaspace       used 46821K, committed 47552K, reserved 1114112K
  class space    used 6801K, committed 7104K, reserved 1048576K
}
Event: 372.614 GC heap after
{Heap after GC invocations=13 (full 0):
 garbage-first heap   total 98304K, used 35281K [0x0000000085c00000, 0x0000000100000000)
  region size 1024K, 6 young (6144K), 6 survivors (6144K)
 Metaspace       used 46821K, committed 47552K, reserved 1114112K
  class space    used 6801K, committed 7104K, reserved 1048576K
}

